[    0.000000] Linux version 4.15.0-50-generic (buildd@lcy01-amd64-013) (gcc version 7.3.0 (Ubuntu 7.3.0-16ubuntu3)) #54-Ubuntu SMP Mon May 6 18:46:08 UTC 2019 (Ubuntu 4.15.0-50.54-generic 4.15.18)
[    0.000000] Command line: BOOT_IMAGE=/boot/vmlinuz-4.15.0-50-generic root=LABEL=cloudimg-rootfs ro console=tty1 console=ttyS0
[    0.000000] KERNEL supported cpus:
[    0.000000]   Intel GenuineIntel
[    0.000000]   AMD AuthenticAMD
[    0.000000]   Centaur CentaurHauls
[    0.000000] [Firmware Bug]: TSC doesn't count with P0 frequency!
[    0.000000] random: get_random_u32 called from bsp_init_amd+0x207/0x2c0 with crng_init=0
[    0.000000] x86/fpu: Supporting XSAVE feature 0x001: 'x87 floating point registers'
[    0.000000] x86/fpu: Supporting XSAVE feature 0x002: 'SSE registers'
[    0.000000] x86/fpu: Supporting XSAVE feature 0x004: 'AVX registers'
[    0.000000] x86/fpu: xstate_offset[2]:  576, xstate_sizes[2]:  256
[    0.000000] x86/fpu: Enabled xstate features 0x7, context size is 832 bytes, using 'standard' format.
[    0.000000] e820: BIOS-provided physical RAM map:
[    0.000000] BIOS-e820: [mem 0x0000000000000000-0x000000000009fbff] usable
[    0.000000] BIOS-e820: [mem 0x000000000009fc00-0x000000000009ffff] reserved
[    0.000000] BIOS-e820: [mem 0x00000000000f0000-0x00000000000fffff] reserved
[    0.000000] BIOS-e820: [mem 0x0000000000100000-0x00000000dffeffff] usable
[    0.000000] BIOS-e820: [mem 0x00000000dfff0000-0x00000000dfffffff] ACPI data
[    0.000000] BIOS-e820: [mem 0x00000000fec00000-0x00000000fec00fff] reserved
[    0.000000] BIOS-e820: [mem 0x00000000fee00000-0x00000000fee00fff] reserved
[    0.000000] BIOS-e820: [mem 0x00000000fffc0000-0x00000000ffffffff] reserved
[    0.000000] BIOS-e820: [mem 0x0000000100000000-0x000000011fffffff] usable
[    0.000000] NX (Execute Disable) protection: active
[    0.000000] SMBIOS 2.5 present.
[    0.000000] DMI: innotek GmbH VirtualBox/VirtualBox, BIOS VirtualBox 12/01/2006
[    0.000000] Hypervisor detected: KVM
[    0.000000] AGP: No AGP bridge found
[    0.000000] e820: last_pfn = 0x120000 max_arch_pfn = 0x400000000
[    0.000000] MTRR: Disabled
[    0.000000] x86/PAT: MTRRs disabled, skipping PAT initialization too.
[    0.000000] CPU MTRRs all blank - virtualized system.
[    0.000000] x86/PAT: Configuration [0-7]: WB  WT  UC- UC  WB  WT  UC- UC  
[    0.000000] e820: last_pfn = 0xdfff0 max_arch_pfn = 0x400000000
[    0.000000] found SMP MP-table at [mem 0x0009fff0-0x0009ffff] mapped at [        (ptrval)]
[    0.000000] Scanning 1 areas for low memory corruption
[    0.000000] RAMDISK: [mem 0x35adb000-0x36d64fff]
[    0.000000] ACPI: Early table checksum verification disabled
[    0.000000] ACPI: RSDP 0x00000000000E0000 000024 (v02 VBOX  )
[    0.000000] ACPI: XSDT 0x00000000DFFF0030 00003C (v01 VBOX   VBOXXSDT 00000001 ASL  00000061)
[    0.000000] ACPI: FACP 0x00000000DFFF00F0 0000F4 (v04 VBOX   VBOXFACP 00000001 ASL  00000061)
[    0.000000] ACPI: DSDT 0x00000000DFFF0470 0022EA (v02 VBOX   VBOXBIOS 00000002 INTL 20181213)
[    0.000000] ACPI: FACS 0x00000000DFFF0200 000040
[    0.000000] ACPI: FACS 0x00000000DFFF0200 000040
[    0.000000] ACPI: APIC 0x00000000DFFF0240 00005C (v02 VBOX   VBOXAPIC 00000001 ASL  00000061)
[    0.000000] ACPI: SSDT 0x00000000DFFF02A0 0001CC (v01 VBOX   VBOXCPUT 00000002 INTL 20181213)
[    0.000000] No NUMA configuration found
[    0.000000] Faking a node at [mem 0x0000000000000000-0x000000011fffffff]
[    0.000000] NODE_DATA(0) allocated [mem 0x11ffd1000-0x11fffbfff]
[    0.000000] kvm-clock: cpu 0, msr 1:1ff50001, primary cpu clock
[    0.000000] kvm-clock: Using msrs 4b564d01 and 4b564d00
[    0.000000] kvm-clock: using sched offset of 3480516699 cycles
[    0.000000] clocksource: kvm-clock: mask: 0xffffffffffffffff max_cycles: 0x1cd42e4dffb, max_idle_ns: 881590591483 ns
[    0.000000] Zone ranges:
[    0.000000]   DMA      [mem 0x0000000000001000-0x0000000000ffffff]
[    0.000000]   DMA32    [mem 0x0000000001000000-0x00000000ffffffff]
[    0.000000]   Normal   [mem 0x0000000100000000-0x000000011fffffff]
[    0.000000]   Device   empty
[    0.000000] Movable zone start for each node
[    0.000000] Early memory node ranges
[    0.000000]   node   0: [mem 0x0000000000001000-0x000000000009efff]
[    0.000000]   node   0: [mem 0x0000000000100000-0x00000000dffeffff]
[    0.000000]   node   0: [mem 0x0000000100000000-0x000000011fffffff]
[    0.000000] Reserved but unavailable: 114 pages
[    0.000000] Initmem setup node 0 [mem 0x0000000000001000-0x000000011fffffff]
[    0.000000] ACPI: PM-Timer IO Port: 0x4008
[    0.000000] IOAPIC[0]: apic_id 2, version 32, address 0xfec00000, GSI 0-23
[    0.000000] ACPI: INT_SRC_OVR (bus 0 bus_irq 0 global_irq 2 dfl dfl)
[    0.000000] ACPI: INT_SRC_OVR (bus 0 bus_irq 9 global_irq 9 low level)
[    0.000000] Using ACPI (MADT) for SMP configuration information
[    0.000000] smpboot: Allowing 2 CPUs, 0 hotplug CPUs
[    0.000000] PM: Registered nosave memory: [mem 0x00000000-0x00000fff]
[    0.000000] PM: Registered nosave memory: [mem 0x0009f000-0x0009ffff]
[    0.000000] PM: Registered nosave memory: [mem 0x000a0000-0x000effff]
[    0.000000] PM: Registered nosave memory: [mem 0x000f0000-0x000fffff]
[    0.000000] PM: Registered nosave memory: [mem 0xdfff0000-0xdfffffff]
[    0.000000] PM: Registered nosave memory: [mem 0xe0000000-0xfebfffff]
[    0.000000] PM: Registered nosave memory: [mem 0xfec00000-0xfec00fff]
[    0.000000] PM: Registered nosave memory: [mem 0xfec01000-0xfedfffff]
[    0.000000] PM: Registered nosave memory: [mem 0xfee00000-0xfee00fff]
[    0.000000] PM: Registered nosave memory: [mem 0xfee01000-0xfffbffff]
[    0.000000] PM: Registered nosave memory: [mem 0xfffc0000-0xffffffff]
[    0.000000] e820: [mem 0xe0000000-0xfebfffff] available for PCI devices
[    0.000000] Booting paravirtualized kernel on KVM
[    0.000000] clocksource: refined-jiffies: mask: 0xffffffff max_cycles: 0xffffffff, max_idle_ns: 7645519600211568 ns
[    0.000000] setup_percpu: NR_CPUS:8192 nr_cpumask_bits:2 nr_cpu_ids:2 nr_node_ids:1
[    0.000000] percpu: Embedded 46 pages/cpu @        (ptrval) s151552 r8192 d28672 u1048576
[    0.000000] PV qspinlock hash table entries: 256 (order: 0, 4096 bytes)
[    0.000000] Built 1 zonelists, mobility grouping on.  Total pages: 1032057
[    0.000000] Policy zone: Normal
[    0.000000] Kernel command line: BOOT_IMAGE=/boot/vmlinuz-4.15.0-50-generic root=LABEL=cloudimg-rootfs ro console=tty1 console=ttyS0
[    0.000000] AGP: Checking aperture...
[    0.000000] AGP: No AGP bridge found
[    0.000000] Memory: 4014200K/4193848K available (12300K kernel code, 2474K rwdata, 4276K rodata, 2412K init, 2416K bss, 179648K reserved, 0K cma-reserved)
[    0.000000] SLUB: HWalign=64, Order=0-3, MinObjects=0, CPUs=2, Nodes=1
[    0.000000] ftrace: allocating 39233 entries in 154 pages
[    0.004000] Hierarchical RCU implementation.
[    0.004000] 	RCU restricting CPUs from NR_CPUS=8192 to nr_cpu_ids=2.
[    0.004000] 	Tasks RCU enabled.
[    0.004000] RCU: Adjusting geometry for rcu_fanout_leaf=16, nr_cpu_ids=2
[    0.004000] NR_IRQS: 524544, nr_irqs: 440, preallocated irqs: 16
[    0.004000] Console: colour VGA+ 80x25
[    0.004000] console [tty1] enabled
[    0.004000] console [ttyS0] enabled
[    0.004000] ACPI: Core revision 20170831
[    0.004000] ACPI: 2 ACPI AML tables successfully acquired and loaded
[    0.004000] APIC: Switch to symmetric I/O mode setup
[    0.004000] x2apic enabled
[    0.004000] Switched APIC routing to physical x2apic.
[    0.005615] ..TIMER: vector=0x30 apic1=0 pin1=2 apic2=-1 pin2=-1
[    0.008002] tsc: Detected 3200.202 MHz processor
[    0.012014] Calibrating delay loop (skipped) preset value.. 6400.40 BogoMIPS (lpj=12800808)
[    0.013682] pid_max: default: 32768 minimum: 301
[    0.014660] Security Framework initialized
[    0.015520] Yama: becoming mindful.
[    0.016028] AppArmor: AppArmor initialized
[    0.018970] Dentry cache hash table entries: 524288 (order: 10, 4194304 bytes)
[    0.021010] Inode-cache hash table entries: 262144 (order: 9, 2097152 bytes)
[    0.022622] Mount-cache hash table entries: 8192 (order: 4, 65536 bytes)
[    0.024015] Mountpoint-cache hash table entries: 8192 (order: 4, 65536 bytes)
[    0.025904] mce: CPU supports 0 MCE banks
[    0.028016] Last level iTLB entries: 4KB 512, 2MB 1024, 4MB 512
[    0.029212] Last level dTLB entries: 4KB 1024, 2MB 1024, 4MB 512, 1GB 0
[    0.030494] Spectre V2 : Spectre mitigation: LFENCE not serializing, switching to generic retpoline
[    0.032002] Spectre V2 : Mitigation: Full generic retpoline
[    0.033180] Spectre V2 : Spectre v2 / SpectreRSB mitigation: Filling RSB on context switch
[    0.034818] Speculative Store Bypass: Mitigation: Speculative Store Bypass disabled via prctl and seccomp
[    0.036120] Freeing SMP alternatives memory: 36K
[    0.040000] smpboot: CPU0: AMD FX-8320E Eight-Core Processor (family: 0x15, model: 0x2, stepping: 0x0)
[    0.040000] Performance Events: PMU not available due to virtualization, using software events only.
[    0.040000] Hierarchical SRCU implementation.
[    0.040661] NMI watchdog: Perf event create on CPU 0 failed with -2
[    0.041758] NMI watchdog: Perf NMI watchdog permanently disabled
[    0.042868] smp: Bringing up secondary CPUs ...
[    0.044973] x86: Booting SMP configuration:
[    0.045885] .... node  #0, CPUs:      #1
[    0.004000] kvm-clock: cpu 1, msr 1:1ff50041, secondary cpu clock
[    0.004000] mce: CPU supports 0 MCE banks
[    0.051350] smp: Brought up 1 node, 2 CPUs
[    0.052007] smpboot: Max logical packages: 1
[    0.052977] smpboot: Total of 2 processors activated (12800.80 BogoMIPS)
[    0.054917] devtmpfs: initialized
[    0.054917] x86/mm: Memory block size: 128MB
[    0.055514] evm: security.selinux
[    0.056023] evm: security.SMACK64
[    0.057105] evm: security.SMACK64EXEC
[    0.058244] evm: security.SMACK64TRANSMUTE
[    0.060004] evm: security.SMACK64MMAP
[    0.061239] evm: security.apparmor
[    0.062299] evm: security.ima
[    0.063246] evm: security.capability
[    0.068124] clocksource: jiffies: mask: 0xffffffff max_cycles: 0xffffffff, max_idle_ns: 7645041785100000 ns
[    0.069850] futex hash table entries: 512 (order: 3, 32768 bytes)
[    0.071070] pinctrl core: initialized pinctrl subsystem
[    0.071070] RTC time:  2:48:44, date: 05/27/19
[    0.071070] NET: Registered protocol family 16
[    0.071070] audit: initializing netlink subsys (disabled)
[    0.072061] audit: type=2000 audit(1558925329.589:1): state=initialized audit_enabled=0 res=1
[    0.073760] cpuidle: using governor ladder
[    0.073760] cpuidle: using governor menu
[    0.076442] ACPI: bus type PCI registered
[    0.077242] acpiphp: ACPI Hot Plug PCI Controller Driver version: 0.5
[    0.079142] PCI: Using configuration type 1 for base access
[    0.080004] PCI: Using configuration type 1 for extended access
[    0.085492] HugeTLB registered 2.00 MiB page size, pre-allocated 0 pages
[    0.088189] ACPI: Added _OSI(Module Device)
[    0.089840] ACPI: Added _OSI(Processor Device)
[    0.092020] ACPI: Added _OSI(3.0 _SCP Extensions)
[    0.093721] ACPI: Added _OSI(Processor Aggregator Device)
[    0.093721] ACPI: Added _OSI(Linux-Dell-Video)
[    0.093721] ACPI: Added _OSI(Linux-Lenovo-NV-HDMI-Audio)
[    0.093929] ACPI: Added _OSI(Linux-HPI-Hybrid-Graphics)
[    0.096008] ACPI: Executed 1 blocks of module-level executable AML code
[    0.098808] ACPI: Interpreter enabled
[    0.099739] ACPI: (supports S0 S5)
[    0.100026] ACPI: Using IOAPIC for interrupt routing
[    0.101504] PCI: Using host bridge windows from ACPI; if necessary, use "pci=nocrs" and report a bug
[    0.103561] ACPI: Enabled 2 GPEs in block 00 to 07
[    0.113360] ACPI: PCI Root Bridge [PCI0] (domain 0000 [bus 00-ff])
[    0.114645] acpi PNP0A03:00: _OSC: OS supports [ExtendedConfig ASPM ClockPM Segments MSI]
[    0.116811] acpi PNP0A03:00: _OSC: platform does not support [PCIeCapability]
[    0.118881] acpi PNP0A03:00: _OSC: not requesting control; platform does not support [PCIeCapability]
[    0.120004] acpi PNP0A03:00: _OSC: OS requested [PCIeHotplug PME AER PCIeCapability]
[    0.121809] acpi PNP0A03:00: _OSC: platform willing to grant [PCIeHotplug PME AER]
[    0.124003] acpi PNP0A03:00: _OSC failed (AE_SUPPORT); disabling ASPM
[    0.125853] PCI host bridge to bus 0000:00
[    0.126944] pci_bus 0000:00: root bus resource [io  0x0000-0x0cf7 window]
[    0.132004] pci_bus 0000:00: root bus resource [io  0x0d00-0xffff window]
[    0.133686] pci_bus 0000:00: root bus resource [mem 0x000a0000-0x000bffff window]
[    0.136004] pci_bus 0000:00: root bus resource [mem 0xe0000000-0xfdffffff window]
[    0.137730] pci_bus 0000:00: root bus resource [bus 00-ff]
[    0.137730] pci 0000:00:01.1: legacy IDE quirk: reg 0x10: [io  0x01f0-0x01f7]
[    0.139372] pci 0000:00:01.1: legacy IDE quirk: reg 0x14: [io  0x03f6]
[    0.144006] pci 0000:00:01.1: legacy IDE quirk: reg 0x18: [io  0x0170-0x0177]
[    0.145417] pci 0000:00:01.1: legacy IDE quirk: reg 0x1c: [io  0x0376]
[    0.220000] pci 0000:00:07.0: quirk: [io  0x4000-0x403f] claimed by PIIX4 ACPI
[    0.224017] pci 0000:00:07.0: quirk: [io  0x4100-0x410f] claimed by PIIX4 SMB
[    0.268000] ACPI: PCI Interrupt Link [LNKA] (IRQs 5 9 10 *11)
[    0.268781] ACPI: PCI Interrupt Link [LNKB] (IRQs 5 9 *10 11)
[    0.272287] ACPI: PCI Interrupt Link [LNKC] (IRQs 5 *9 10 11)
[    0.273612] ACPI: PCI Interrupt Link [LNKD] (IRQs 5 9 10 *11)
[    0.276525] SCSI subsystem initialized
[    0.280085] pci 0000:00:02.0: vgaarb: setting as boot VGA device
[    0.281273] pci 0000:00:02.0: vgaarb: VGA device added: decodes=io+mem,owns=io+mem,locks=none
[    0.284006] pci 0000:00:02.0: vgaarb: bridge control possible
[    0.288002] vgaarb: loaded
[    0.288782] ACPI: bus type USB registered
[    0.289842] usbcore: registered new interface driver usbfs
[    0.292013] usbcore: registered new interface driver hub
[    0.293338] usbcore: registered new device driver usb
[    0.296064] EDAC MC: Ver: 3.0.0
[    0.297085] PCI: Using ACPI for IRQ routing
[    0.301007] NetLabel: Initializing
[    0.301775] NetLabel:  domain hash size = 128
[    0.304003] NetLabel:  protocols = UNLABELED CIPSOv4 CALIPSO
[    0.305157] NetLabel:  unlabeled traffic allowed by default
[    0.308117] clocksource: Switched to clocksource kvm-clock
[    0.327184] VFS: Disk quotas dquot_6.6.0
[    0.328094] VFS: Dquot-cache hash table entries: 512 (order 0, 4096 bytes)
[    0.329588] AppArmor: AppArmor Filesystem Enabled
[    0.330502] pnp: PnP ACPI init
[    0.332249] pnp: PnP ACPI: found 3 devices
[    0.346626] clocksource: acpi_pm: mask: 0xffffff max_cycles: 0xffffff, max_idle_ns: 2085701024 ns
[    0.348826] NET: Registered protocol family 2
[    0.350189] TCP established hash table entries: 32768 (order: 6, 262144 bytes)
[    0.352002] TCP bind hash table entries: 32768 (order: 7, 524288 bytes)
[    0.353654] TCP: Hash tables configured (established 32768 bind 32768)
[    0.355191] UDP hash table entries: 2048 (order: 4, 65536 bytes)
[    0.356558] UDP-Lite hash table entries: 2048 (order: 4, 65536 bytes)
[    0.357979] NET: Registered protocol family 1
[    0.358945] pci 0000:00:00.0: Limiting direct PCI/PCI transfers
[    0.360244] pci 0000:00:01.0: Activating ISA DMA hang workarounds
[    0.361546] pci 0000:00:02.0: Video device with shadowed ROM at [mem 0x000c0000-0x000dffff]
[    0.363394] Unpacking initramfs...
[    0.684822] Freeing initrd memory: 18984K
[    0.685823] PCI-DMA: Using software bounce buffering for IO (SWIOTLB)
[    0.687166] software IO TLB [mem 0xdbff0000-0xdfff0000] (64MB) mapped at [        (ptrval)-        (ptrval)]
[    0.689351] clocksource: tsc: mask: 0xffffffffffffffff max_cycles: 0x2e2108dd018, max_idle_ns: 440795268512 ns
[    0.691411] platform rtc_cmos: registered platform RTC device (no PNP device found)
[    0.693037] Scanning for low memory corruption every 60 seconds
[    0.695194] Initialise system trusted keyrings
[    0.696114] Key type blacklist registered
[    0.697226] workingset: timestamp_bits=36 max_order=20 bucket_order=0
[    0.700766] zbud: loaded
[    0.702088] squashfs: version 4.0 (2009/01/31) Phillip Lougher
[    0.703776] fuse init (API version 7.26)
[    0.711655] Key type asymmetric registered
[    0.713378] Asymmetric key parser 'x509' registered
[    0.715220] Block layer SCSI generic (bsg) driver version 0.4 loaded (major 246)
[    0.718450] io scheduler noop registered
[    0.719728] io scheduler deadline registered
[    0.721318] io scheduler cfq registered (default)
[    0.723806] ACPI: AC Adapter [AC] (on-line)
[    0.725451] input: Power Button as /devices/LNXSYSTM:00/LNXPWRBN:00/input/input0
[    0.727284] ACPI: Power Button [PWRF]
[    0.728244] input: Sleep Button as /devices/LNXSYSTM:00/LNXSLPBN:00/input/input1
[    0.729960] ACPI: Sleep Button [SLPF]
[    0.731357] Serial: 8250/16550 driver, 32 ports, IRQ sharing enabled
[    0.753892] 00:02: ttyS0 at I/O 0x3f8 (irq = 4, base_baud = 115200) is a 16550A
[    0.761461] Linux agpgart interface v0.103
[    0.767401] loop: module loaded
[    0.770303] scsi host0: ata_piix
[    0.771438] scsi host1: ata_piix
[    0.772489] ata1: PATA max UDMA/33 cmd 0x1f0 ctl 0x3f6 bmdma 0xd000 irq 14
[    0.774419] ata2: PATA max UDMA/33 cmd 0x170 ctl 0x376 bmdma 0xd008 irq 15
[    0.776734] libphy: Fixed MDIO Bus: probed
[    0.777935] tun: Universal TUN/TAP device driver, 1.6
[    0.779514] PPP generic driver version 2.4.2
[    0.780601] ehci_hcd: USB 2.0 'Enhanced' Host Controller (EHCI) Driver
[    0.781949] ehci-pci: EHCI PCI platform driver
[    0.782917] ehci-platform: EHCI generic platform driver
[    0.784035] ohci_hcd: USB 1.1 'Open' Host Controller (OHCI) Driver
[    0.785340] ohci-pci: OHCI PCI platform driver
[    0.786292] ohci-platform: OHCI generic platform driver
[    0.787385] uhci_hcd: USB Universal Host Controller Interface driver
[    0.788838] i8042: PNP: PS/2 Controller [PNP0303:PS2K,PNP0f03:PS2M] at 0x60,0x64 irq 1,12
[    0.791435] serio: i8042 KBD port at 0x60,0x64 irq 1
[    0.793143] serio: i8042 AUX port at 0x60,0x64 irq 12
[    0.795162] mousedev: PS/2 mouse device common for all mice
[    0.796826] input: AT Translated Set 2 keyboard as /devices/platform/i8042/serio0/input/input2
[    0.799419] rtc_cmos rtc_cmos: rtc core: registered rtc_cmos as rtc0
[    0.801383] rtc_cmos rtc_cmos: alarms up to one day, 114 bytes nvram
[    0.803026] i2c /dev entries driver
[    0.804050] pcie_mp2_amd: AMD(R) PCI-E MP2 Communication Driver Version: 1.0
[    0.806152] device-mapper: uevent: version 1.0.3
[    0.807655] device-mapper: ioctl: 4.37.0-ioctl (2017-09-20) initialised: dm-devel@redhat.com
[    0.810283] ledtrig-cpu: registered to indicate activity on CPUs
[    0.813164] NET: Registered protocol family 10
[    0.820570] Segment Routing with IPv6
[    0.821650] NET: Registered protocol family 17
[    0.822858] Key type dns_resolver registered
[    0.824479] RAS: Correctable Errors collector initialized.
[    0.826264] sched_clock: Marking stable (824412161, 0)->(1301944492, -477532331)
[    0.829502] registered taskstats version 1
[    0.830575] Loading compiled-in X.509 certificates
[    0.836068] Loaded X.509 cert 'Build time autogenerated kernel key: 0d5cb4b7de8533fd8e7240d711ae9d354ea3dca1'
[    0.838322] zswap: loaded using pool lzo/zbud
[    0.845483] Key type big_key registered
[    0.846657] Key type trusted registered
[    0.851088] Key type encrypted registered
[    0.852145] AppArmor: AppArmor sha1 policy hashing enabled
[    0.853603] ima: No TPM chip found, activating TPM-bypass! (rc=-19)
[    0.855208] ima: Allocated hash algorithm: sha1
[    0.856520] evm: HMAC attrs: 0x1
[    0.857799]   Magic number: 3:21:815
[    0.858963] rtc_cmos rtc_cmos: setting system clock to 2019-05-27 02:48:45 UTC (1558925325)
[    0.861554] BIOS EDD facility v0.16 2004-Jun-25, 0 devices found
[    0.863601] EDD information not available.
[    0.942680] Freeing unused kernel image memory: 2412K
[    0.952106] Write protecting the kernel read-only data: 20480k
[    0.955312] Freeing unused kernel image memory: 2008K
[    0.957663] Freeing unused kernel image memory: 1868K
[    0.968362] x86/mm: Checked W+X mappings: passed, no W+X pages found.
Loading, please wait...
starting version 237
[    1.085331] e1000: Intel(R) PRO/1000 Network Driver - version 7.3.21-k8-NAPI
[    1.086624] e1000: Copyright (c) 1999-2006 Intel Corporation.
[    1.095215] Fusion MPT base driver 3.04.20
[    1.096080] Copyright (c) 1999-2008 LSI Corporation
[    1.103532] Fusion MPT SPI Host driver 3.04.20
[    1.127607] AVX version of gcm_enc/dec engaged.
[    1.128758] AES CTR mode by8 optimization enabled
[    1.331737] input: ImExPS/2 Generic Explorer Mouse as /devices/platform/i8042/serio1/input/input4
[    1.497261] e1000 0000:00:03.0 eth0: (PCI:33MHz:32-bit) 02:74:f0:c0:9d:60
[    1.498864] e1000 0000:00:03.0 eth0: Intel(R) PRO/1000 Network Connection
[    1.502186] mptbase: ioc0: Initiating bringup
[    1.629817] ioc0: LSI53C1030 A0: Capabilities={Initiator}
[    2.147850] scsi host2: ioc0: LSI53C1030 A0, FwRev=00000000h, Ports=1, MaxQ=256, IRQ=20
[    2.690420] scsi 2:0:0:0: Direct-Access     VBOX     HARDDISK         1.0  PQ: 0 ANSI: 5
[    2.728121] scsi target2:0:0: Beginning Domain Validation
[    2.732523] scsi target2:0:0: Domain Validation skipping write tests
[    2.736310] scsi target2:0:0: Ending Domain Validation
[    2.739336] scsi target2:0:0: asynchronous
[    2.742735] scsi 2:0:1:0: Direct-Access     VBOX     HARDDISK         1.0  PQ: 0 ANSI: 5
[    3.036101] scsi target2:0:1: Beginning Domain Validation
[    3.039006] random: fast init done
[    3.040655] scsi target2:0:1: Domain Validation skipping write tests
[    3.042656] scsi target2:0:1: Ending Domain Validation
[    3.045055] scsi target2:0:1: asynchronous
[    3.051267] random: systemd-udevd: uninitialized urandom read (16 bytes read)
[    3.051517] sd 2:0:0:0: [sda] 20971520 512-byte logical blocks: (10.7 GB/10.0 GiB)
[    3.051611] sd 2:0:0:0: [sda] Write Protect is off
[    3.051641] sd 2:0:0:0: Attached scsi generic sg0 type 0
[    3.051743] sd 2:0:0:0: [sda] Incomplete mode parameter data
[    3.051744] sd 2:0:0:0: [sda] Assuming drive cache: write through
[    3.052932]  sda: sda1
[    3.052968] sd 2:0:1:0: [sdb] 20480 512-byte logical blocks: (10.5 MB/10.0 MiB)
[    3.053664] sd 2:0:1:0: [sdb] Write Protect is off
[    3.054117] sd 2:0:1:0: [sdb] Incomplete mode parameter data
[    3.054119] sd 2:0:1:0: [sdb] Assuming drive cache: write through
[    3.055308] sd 2:0:0:0: [sda] Attached SCSI disk
[    3.055654] sd 2:0:1:0: Attached scsi generic sg1 type 0
[    3.057454] sd 2:0:1:0: [sdb] Attached SCSI disk
[    3.079808] random: systemd-udevd: uninitialized urandom read (16 bytes read)
[    3.081862] random: systemd-udevd: uninitialized urandom read (16 bytes read)
[    3.086970] e1000 0000:00:08.0 eth1: (PCI:33MHz:32-bit) 08:00:27:27:b1:ae
[    3.088807] e1000 0000:00:08.0 eth1: Intel(R) PRO/1000 Network Connection
[    3.092088] e1000 0000:00:03.0 enp0s3: renamed from eth0
[    3.101364] e1000 0000:00:08.0 enp0s8: renamed from eth1
Begin: Loading essential drivers ... [    4.792030] raid6: sse2x1   gen()  5356 MB/s
[    4.840059] raid6: sse2x1   xor()  3687 MB/s
[    4.889101] raid6: sse2x2   gen()  7972 MB/s
[    4.937065] raid6: sse2x2   xor()  5743 MB/s
[    4.984064] raid6: sse2x4   gen()  9888 MB/s
[    5.033217] raid6: sse2x4   xor()  4976 MB/s
[    5.034110] raid6: using algorithm sse2x4 gen() 9888 MB/s
[    5.035181] raid6: .... xor() 4976 MB/s, rmw enabled
[    5.036277] raid6: using ssse3x2 recovery algorithm
[    5.039900] xor: automatically using best checksumming function   avx       
[    5.045120] async_tx: api initialized (async)
done.
Begin: Running /scripts/init-premount ... done.
Begin: Mounting root file system ... Begin: Running /scripts/local-top ... done.
Begin: Running /scripts/local-premount ... [    5.119858] Btrfs loaded, crc32c=crc32c-intel
Scanning for Btrfs filesystems
done.
Warning: fsck not present, so skipping root file system
[    5.164622] EXT4-fs (sda1): mounted filesystem with ordered data mode. Opts: (null)
done.
Begin: Running /scripts/local-bottom ... done.
Begin: Running /scripts/init-bottom ... done.
[    5.386152] ip_tables: (C) 2000-2006 Netfilter Core Team
[    5.399534] systemd[1]: systemd 237 running in system mode. (+PAM +AUDIT +SELINUX +IMA +APPARMOR +SMACK +SYSVINIT +UTMP +LIBCRYPTSETUP +GCRYPT +GNUTLS +ACL +XZ +LZ4 +SECCOMP +BLKID +ELFUTILS +KMOD -IDN2 +IDN -PCRE2 default-hierarchy=hybrid)
[    5.405817] systemd[1]: Detected virtualization oracle.
[    5.407375] systemd[1]: Detected architecture x86-64.

Welcome to [1mUbuntu 18.04.2 LTS[0m!

[    5.416953] systemd[1]: Set hostname to <ubuntu>.
[    5.421435] systemd[1]: Initializing machine ID from random generator.
[    5.423329] systemd[1]: Installed transient /etc/machine-id file.
[    5.657312] systemd[1]: Created slice System Slice.
[[0;32m  OK  [0m] Created slice System Slice.
[    5.659819] systemd[1]: Listening on Device-mapper event daemon FIFOs.
[[0;32m  OK  [0m] Listening on Device-mapper event daemon FIFOs.
[    5.663073] systemd[1]: Listening on Journal Socket.
[[0;32m  OK  [0m] Listening on Journal Socket.
[    5.666733] systemd[1]: Starting Remount Root and Kernel File Systems...
         Starting Remount Root and Kernel File Systems...
[[0;32m  OK  [0m] Listening on udev Kernel Socket.
         Starting Set the console keyboard layout...
         Mounting POSIX Message Queue File System...
[[0;32m  OK  [0m] Listening on Journal Audit Socket.
[[0;32m  OK  [0m] Listening on Syslog Socket.
[[0;32m  OK  [0m] Listening on LVM2 metadata daemon socket.
         Mounting Kernel Debug File System...
[[0;32m  OK  [0m] Created slice User and Session Slice.
[[0;32m  OK  [0m] Listening on Journal Socket (/dev/log).
         Starting Journal Service...
[[0;32m  OK  [0m] Reached target System Time Synchronized.
[[0;32m  OK  [0m] Listening on udev Control Socket.
[[0;32m  OK  [0m] Reached target Slices.
         Starting udev Coldplug all Devices...
         Starting Monitoring of LVM2 mirrors…ng dmeventd or progress polling...
         Starting Uncomplicated firewall...
         Starting Load Kernel Modules...
         Mounting Huge Pages File System...
[[0;32m  OK  [0m] Listening on Network Service Netlink Socket.
[[0;32m  OK  [0m] Reached target User and Group Name Lookups.
         Starting Create list of required st…ce nodes for the current kernel...
[[0;32m  OK  [0m] Listening on /dev/initctl Compatibility Named Pipe.
[[0;32m  OK  [0m] Listening on LVM2 poll daemon socket.
[[0;32m  OK  [0m] Reached target Swap.
[[0;32m  OK  [0m] Set up automount Arbitrary Executab…rmats File System Automount Point.
[[0;32m  OK  [0m] Started Forward Password Requests to Wall Directory Watch.
[[0;32m  OK  [0m] Created slice system-serial\x2dgetty.slice.
[    5.815869] Loading iSCSI transport class v2.0-870.
[[0;32m  OK  [0m] Started Journal Service.
[[0;32m  OK  [0m] Started Create list of required sta…vice nodes for the current kernel.
[[0;32m  OK  [0m] Started Uncomplicated firewall.
         Starting Create Static Device Nodes in /dev...
[    5.856585] iscsi: registered transport (tcp)
[[0;32m  OK  [0m] Started udev Coldplug all Devices.
[[0;32m  OK  [0m] Started Create Static Device Nodes in /dev.
[    5.921347] iscsi: registered transport (iser)
[[0;32m  OK  [0m] Started Load Kernel Modules.
         Mounting Kernel Configuration File System...
         Mounting FUSE Control File System...
         Starting Apply Kernel Variables...
[[0;32m  OK  [0m] Mounted POSIX Message Queue File System.
[[0;32m  OK  [0m] Mounted Kernel Debug File System.
[[0;32m  OK  [0m] Mounted Huge Pages File System.
[[0;32m  OK  [0m] Mounted Kernel Configuration File System.
[[0;32m  OK  [0m] Mounted FUSE Control File System.
[    5.960488] EXT4-fs (sda1): re-mounted. Opts: (null)
[[0;32m  OK  [0m] Started LVM2 metadata daemon.
[[0;32m  OK  [0m] Started Remount Root and Kernel File Systems.
         Starting udev Kernel Device Manager...
         Starting Load/Save Random Seed...
         Starting Flush Journal to Persistent Storage...
[[0;32m  OK  [0m] Started Monitoring of LVM2 mirrors,…sing dmeventd or progress polling.
[[0;32m  OK  [0m] Started Apply Kernel Variables.
[[0;32m  OK  [0m] Started Load/Save Random Seed.
[[0;32m  OK  [0m] Started udev Kernel Device Manager.
[[0;32m  OK  [0m] Started Flush Journal to Persistent Storage.
[[0;32m  OK  [0m] Started Set the console keyboard layout.
[[0;32m  OK  [0m] Reached target Local File Systems (Pre).
[[0;32m  OK  [0m] Reached target Local File Systems.
         Starting AppArmor initialization...
         Starting Set console font and keymap...
         Starting Tell Plymouth To Write Out Runtime Data...
         Starting Commit a transient machine-id on disk...
         Starting ebtables ruleset management...
         Starting Create Volatile Files and Directories...
[[0;32m  OK  [0m] Started Dispatch Password Requests to Console Directory Watch.
[[0;32m  OK  [0m] Reached target Local Encrypted Volumes.
[[0;32m  OK  [0m] Started Tell Plymouth To Write Out Runtime Data.
[[0;32m  OK  [0m] Started Set console font and keymap.
[[0;32m  OK  [0m] Started Create Volatile Files and Directories.
         Starting Update UTMP about System Boot/Shutdown...
[[0;32m  OK  [0m] Started Update UTMP about System Boot/Shutdown.
[[0;32m  OK  [0m] Started Commit a transient machine-id on disk.
[[0;32m  OK  [0m] Started ebtables ruleset management.
[[0;32m  OK  [0m] Found device /dev/ttyS0.
[[0;32m  OK  [0m] Listening on Load/Save RF Kill Switch Status /dev/rfkill Watch.
[[0;32m  OK  [0m] Started AppArmor initialization.
         Starting Initial cloud-init job (pre-networking)...
[    9.053918] cloud-init[537]: Cloud-init v. 18.5-45-g3554ffe8-0ubuntu1~18.04.1 running 'init-local' at Mon, 27 May 2019 02:48:53 +0000. Up 8.52 seconds.
[[0;32m  OK  [0m] Started Initial cloud-init job (pre-networking).
[[0;32m  OK  [0m] Reached target Network (Pre).
         Starting Network Service...
[[0;32m  OK  [0m] Started Network Service.
         Starting Network Name Resolution...
         Starting Wait for Network to be Configured...
[[0;32m  OK  [0m] Started Network Name Resolution.
[[0;32m  OK  [0m] Reached target Network.
[[0;32m  OK  [0m] Reached target Host and Network Name Lookups.
[[0;32m  OK  [0m] Started Wait for Network to be Configured.
         Starting Initial cloud-init job (metadata service crawler)...
[   11.576695] cloud-init[640]: Cloud-init v. 18.5-45-g3554ffe8-0ubuntu1~18.04.1 running 'init' at Mon, 27 May 2019 02:48:55 +0000. Up 11.32 seconds.
[   11.582245] cloud-init[640]: ci-info: ++++++++++++++++++++++++++++++++++++++Net device info+++++++++++++++++++++++++++++++++++++++
[   11.584656] cloud-init[640]: ci-info: +--------+-------+----------------------------+---------------+--------+-------------------+
[   11.586291] cloud-init[640]: ci-info: | Device |   Up  |          Address           |      Mask     | Scope  |     Hw-Address    |
[   11.600603] cloud-init[640]: ci-info: +--------+-------+----------------------------+---------------+--------+-------------------+
[   11.603799] cloud-init[640]: ci-info: | enp0s3 |  True |         10.0.2.15          | 255.255.255.0 | global | 02:74:f0:c0:9d:60 |
[   11.606554] cloud-init[640]: ci-info: | enp0s3 |  True | fe80::74:f0ff:fec0:9d60/64 |       .       |  link  | 02:74:f0:c0:9d:60 |
[   11.609256] cloud-init[640]: ci-info: | enp0s8 | False |             .              |       .       |   .    | 08:00:27:27:b1:ae |
[   11.610760] cloud-init[640]: ci-info: |   lo   |  True |         127.0.0.1          |   255.0.0.0   |  host  |         .         |
[   11.613765] cloud-init[640]: ci-info: |   lo   |  True |          ::1/128           |       .       |  host  |         .         |
[   11.615804] cloud-init[640]: ci-info: +--------+-------+----------------------------+---------------+--------+-------------------+
[   11.618412] cloud-init[640]: ci-info: ++++++++++++++++++++++++++++Route IPv4 info+++++++++++++++++++++++++++++
[   11.620062] cloud-init[640]: ci-info: +-------+-------------+----------+-----------------+-----------+-------+
[   11.621865] cloud-init[640]: ci-info: | Route | Destination | Gateway  |     Genmask     | Interface | Flags |
[   11.624511] cloud-init[640]: ci-info: +-------+-------------+----------+-----------------+-----------+-------+
[   11.625996] cloud-init[640]: ci-info: |   0   |   0.0.0.0   | 10.0.2.2 |     0.0.0.0     |   enp0s3  |   UG  |
[   11.627264] cloud-init[640]: ci-info: |   1   |   10.0.2.0  | 0.0.0.0  |  255.255.255.0  |   enp0s3  |   U   |
[   11.640451] cloud-init[640]: ci-info: |   2   |   10.0.2.2  | 0.0.0.0  | 255.255.255.255 |   enp0s3  |   UH  |
[   11.644943] cloud-init[640]: ci-info: +-------+-------------+----------+-----------------+-----------+-------+
[   11.646070] cloud-init[640]: ci-info: +++++++++++++++++++Route IPv6 info+++++++++++++++++++
[   11.646971] cloud-init[640]: ci-info: +-------+-------------+---------+-----------+-------+
[   11.647851] cloud-init[640]: ci-info: | Route | Destination | Gateway | Interface | Flags |
[   11.648977] cloud-init[640]: ci-info: +-------+-------------+---------+-----------+-------+
[   11.650157] cloud-init[640]: ci-info: |   1   |  fe80::/64  |    ::   |   enp0s3  |   U   |
[   11.651291] cloud-init[640]: ci-info: |   3   |    local    |    ::   |   enp0s3  |   U   |
[   11.652327] cloud-init[640]: ci-info: |   4   |   ff00::/8  |    ::   |   enp0s3  |   U   |
[   11.653372] cloud-init[640]: ci-info: +-------+-------------+---------+-----------+-------+
[   12.541210] cloud-init[640]: Generating public/private rsa key pair.
[   12.542092] cloud-init[640]: Your identification has been saved in /etc/ssh/ssh_host_rsa_key.
[   12.543236] cloud-init[640]: Your public key has been saved in /etc/ssh/ssh_host_rsa_key.pub.
[   12.544825] cloud-init[640]: The key fingerprint is:
[   12.546097] cloud-init[640]: SHA256:ofPHRcjMnMYM08DZ4NTFILm0FmuEJxegF8PdTLb8bRo root@ubuntu-bionic
[   12.548002] cloud-init[640]: The key's randomart image is:
[   12.549442] cloud-init[640]: +---[RSA 2048]----+
[   12.552697] cloud-init[640]: |     .+=O&++.    |
[   12.555040] cloud-init[640]: |     .+=@&*+.    |
[   12.556346] cloud-init[640]: |    . .*o=& .    |
[   12.568670] cloud-init[640]: |     . .*o o .   |
[   12.570056] cloud-init[640]: |      ooS   E o  |
[   12.571228] cloud-init[640]: |       o . . +   |
[   12.572605] cloud-init[640]: |        . o .    |
[   12.573793] cloud-init[640]: |         .       |
[   12.584756] cloud-init[640]: |                 |
[   12.585558] cloud-init[640]: +----[SHA256]-----+
[   12.586411] cloud-init[640]: Generating public/private dsa key pair.
[   12.587694] cloud-init[640]: Your identification has been saved in /etc/ssh/ssh_host_dsa_key.
[   12.590111] cloud-init[640]: Your public key has been saved in /etc/ssh/ssh_host_dsa_key.pub.
[   12.591659] cloud-init[640]: The key fingerprint is:
[   12.592788] cloud-init[640]: SHA256:wscm3l+WC6EaekhpXvmSJJMSLncF/YJrTz9jBURG3QM root@ubuntu-bionic
[   12.594357] cloud-init[640]: The key's randomart image is:
[   12.595471] cloud-init[640]: +---[DSA 1024]----+
[   12.608385] cloud-init[640]: |     . o+.Eo     |
[   12.609342] cloud-init[640]: |    . ... . o    |
[   12.611183] cloud-init[640]: |     o o     .   |
[   12.612329] cloud-init[640]: |  . ..o.o        |
[   12.613470] cloud-init[640]: | . . =+oS..      |
[   12.614521] cloud-init[640]: |. + @.=* ... .   |
[   12.615569] cloud-init[640]: | o B Oo+o.. +    |
[   12.616590] cloud-init[640]: |    o.=o*. + .   |
[   12.617851] cloud-init[640]: |    ...o o. .    |
[   12.619088] cloud-init[640]: +----[SHA256]-----+
[   12.628435] cloud-init[640]: Generating public/private ecdsa key pair.
[   12.629901] cloud-init[640]: Your identification has been saved in /etc/ssh/ssh_host_ecdsa_key.
[[0;32m  OK  [0m] Started Initial cloud-init job (metadata service crawler).
[   12.631938] cloud-init[640]: Your public key has been saved in /etc/ssh/ssh_host_ecdsa_key.pub.[
[0;32m  OK  [0m] Reached target Network is Online.
[   12.634333] cloud-init[640]: The key fingerprint is:
[   12.635229] cloud-init[640]: SHA256:kUST2gyvyO42IWnw3glRRZmj6sGQTjMBppp33VbVMQ8 root@ubuntu-bionic
[   12.636419] cloud-init         Starting Availability of block devices...
[640]: The key's randomart image is:
[[0;32m  OK  [0m] Reached target Remote File Systems (Pre).
[[0;32m  OK  [0m] Reached target Remote File Systems.
[[0;32m  OK  [0m] Reached target Cloud-config availability.
[[0;32m  OK  [0m] Reached target System Initialization.
[[0;32m  OK  [0m] Listening on ACPID Listen Socket.
[[0;32m  OK  [0m] Started Discard unused blocks once a week.
[   12.640911] cloud-init[640]: +---[ECDSA 256]---+
[   12.641660]          Starting LXD - unix socket.
         Starting Socket activation for snappy daemon.
[[0;32m  OK  [0m] Listening on UUID daemon activation socket.
[[0;32m  OK  [0m] Started Daily apt download activities.
[[0;32m  OK  [0m] Started Daily apt upgrade and clean activities.
[[0;32m  OK  [0m] Started Daily Cleanup of Temporary Directories.
[[0;32m  OK  [0m] Started ACPI Events Check.
[[0;32m  OK  [0m] Reached target Paths.
[[0;32m  OK  [0m] Listening on D-Bus System Message Bus Socket.
[[0;32m  OK  [0m] Started Message of the Day.
[[0;32m  OK  [0m] Reached target Timers.
[[0;32m  OK  [0m] Listening on Open-iSCSI iscsid Socket.
[[0;32m  OK  [0m] Listening on LXD - unix socket.
cloud-init[640]: |o.   oo++.  ..E. |
[   12.654133] cloud-init[640]: |o.  . =..o .  .+ |
[   12.655076] cloud-init[640]: [[0;32m  OK  [0m] Listening on Socket activation for snappy daemon.
[[0;32m  OK  [0m] Reached target Sockets.
|.... . Bo .     .|
[[0;32m  OK  [0m] Reached target Basic System.
[   12.656810] cloud-init[640]: |==. ....+o       |
[   12.658173] cloud-init[640]: |==+=....S        |
         Starting Permit User Sessions...
[   12.659390] cloud-init[640]: | oX.+ ..         |
         Starting LXD - container startup/shutdown...
[   12.663435] cloud-init[640]: | + * o           |
         Starting LSB: Record successful boot for GRUB...
[   12.666136] cloud-init[640]: |  o *            |
[   12.669210] cloud-init[640]: |   o..           |
[   12.670470] cloud-init[640]: +----[SHA256]-----+
         Starting Accounts Service...
[   12.674249] cloud-init[640]: Generating public/private ed25519 key pair.[[0;32m  OK  [0m] Started FUSE filesystem for LXC.

[   12.680571] cloud-init[640]: Your identification has been saved in /etc/ssh/ssh_host_ed25519_key.         Starting System Logging Service...

[[0;32m  OK  [0m] Started Deferred execution scheduler.
[   12.697761] cloud-init[640]: Your public key has been saved in /etc/ssh/ssh_host_ed25519_key.pub.
[   12.699273] cloud-init[640]: The key fingerprint is:[[0;32m  OK  [0m] Started D-Bus System Message Bus.

[   12.701323] cloud-init[640]: SHA256:AM2zKWXaNxP7L5GDu+tz2LL1bwzHTeA+HLQdaqHChcY root@ubuntu-bionic
[   12.702802] cloud-init[640]: The key's randomart image is:
[   12.704041] cloud-init[640]: +--[ED25519 256]--+
[   12.705529] cloud-init[640]: |    .o  . .      |
[   12.716335] cloud-init[640]: |     .* .E . .o. |
[   12.717444] cloud-init[640]: |     =.+oo. .oo+.|
[   12.719129] cloud-init[640]: |    o +.=o . o+ o|
[   12.720179] cloud-init[640]: |     . .S=...+ + |
[   12.721583] cloud-init[640]: |        . = . * .|
[   12.723161] cloud-init[640]: |         +.+ + . |
[   12.724514] cloud-init[640]: |        =.+.. o  |
[   12.726493] cloud-init[640]: |       .=B ..o.  |
[   12.727549] cloud-init[640]: +----[SHA256]-----+
         Starting Dispatcher daemon for systemd-networkd...
         Starting Pollinate to seed the pseudo random number generator...
         Starting Login Service...
         Starting LSB: automatic crash report generation...
[[0;32m  OK  [0m] Started Regular background program processing daemon.
         Starting Virtualbox guest utils...
[[0;32m  OK  [0m] Started irqbalance daemon.
         Starting Snappy daemon...
[[0;32m  OK  [0m] Started System Logging Service.
[[0;32m  OK  [0m] Started Availability of block devices.
[[0;32m  OK  [0m] Started Permit User Sessions.
[[0;32m  OK  [0m] Started LXD - container startup/shutdown.
[[0;32m  OK  [0m] Started Login Service.
[[0;32m  OK  [0m] Started Unattended Upgrades Shutdown.
         Starting Authorization Manager...
         Starting Hold until boot process finishes up...
         Starting Terminate Plymouth Boot Screen...
[[0;32m  OK  [0m] Started Hold until boot process finishes up.
[[0;32m  OK  [0m] Started Serial Getty on ttyS0.
         Starting Set console scheme...
[[0;32m  OK  [0m] Started Terminate Plymouth Boot Screen.
[[0;32m  OK  [0m] Started LSB: automatic crash report generation.
[[0;32m  OK  [0m] Started Set console scheme.
[[0;32m  OK  [0m] Created slice system-getty.slice.
[[0;32m  OK  [0m] Started Getty on tty1.
[[0;32m  OK  [0m] Reached target Login Prompts.
[[0;32m  OK  [0m] Started Authorization Manager.
[[0;32m  OK  [0m] Started Accounts Service.
[[0;32m  OK  [0m] Started LSB: Record successful boot for GRUB.
[[0;32m  OK  [0m] Started Virtualbox guest utils.
[[0;32m  OK  [0m] Started Dispatcher daemon for systemd-networkd.
[[0;32m  OK  [0m] Started Snappy daemon.
         Starting Wait until snapd is fully seeded...
[[0;32m  OK  [0m] Started Pollinate to seed the pseudo random number generator.
         Starting OpenBSD Secure Shell server...
[[0;32m  OK  [0m] Started OpenBSD Secure Shell server.
[[0;32m  OK  [0m] Created slice User Slice of vagrant.
         Starting User Manager for UID 1000...
[[0;32m  OK  [0m] Started Session 1 of user vagrant.
[[0;32m  OK  [0m] Started User Manager for UID 1000.
[[0;32m  OK  [0m] Started Wait until snapd is fully seeded.
         Starting Apply the settings specified in cloud-config...
[[0;32m  OK  [0m] Reached target Multi-User System.
[[0;32m  OK  [0m] Reached target Graphical Interface.
         Starting Update UTMP about System Runlevel Changes...
[[0;32m  OK  [0m] Started Update UTMP about System Runlevel Changes.
[   17.567694] cloud-init[1118]: Cloud-init v. 18.5-45-g3554ffe8-0ubuntu1~18.04.1 running 'modules:config' at Mon, 27 May 2019 02:49:01 +0000. Up 16.81 seconds.
[[0;32m  OK  [0m] Started Apply the settings specified in cloud-config.
         Starting Execute cloud user/final scripts...
ci-info: no authorized ssh keys fingerprints found for user ubuntu.
<14>May 27 02:49:03 ec2: 
<14>May 27 02:49:03 ec2: #############################################################
<14>May 27 02:49:03 ec2: -----BEGIN SSH HOST KEY FINGERPRINTS-----
<14>May 27 02:49:03 ec2: 1024 SHA256:wscm3l+WC6EaekhpXvmSJJMSLncF/YJrTz9jBURG3QM root@ubuntu-bionic (DSA)
<14>May 27 02:49:03 ec2: 256 SHA256:kUST2gyvyO42IWnw3glRRZmj6sGQTjMBppp33VbVMQ8 root@ubuntu-bionic (ECDSA)
<14>May 27 02:49:03 ec2: 256 SHA256:AM2zKWXaNxP7L5GDu+tz2LL1bwzHTeA+HLQdaqHChcY root@ubuntu-bionic (ED25519)
<14>May 27 02:49:03 ec2: 2048 SHA256:ofPHRcjMnMYM08DZ4NTFILm0FmuEJxegF8PdTLb8bRo root@ubuntu-bionic (RSA)
<14>May 27 02:49:03 ec2: -----END SSH HOST KEY FINGERPRINTS-----
<14>May 27 02:49:03 ec2: #############################################################
-----BEGIN SSH HOST KEY KEYS-----
ecdsa-sha2-nistp256 AAAAE2VjZHNhLXNoYTItbmlzdHAyNTYAAAAIbmlzdHAyNTYAAABBBLDbqklGM/4fbuOVUcOcSszDJNGnAfJ6SNqsrRhD9ZnyPawYka16uiOYOu0+HPTzd8TLbSHLa2pS/5AbcOA7fPA= root@ubuntu-bionic
ssh-ed25519 AAAAC3NzaC1lZDI1NTE5AAAAIL/bpNIez/0wZXhxr+dEXdtCLZuMKIWtsvQiUUax+N8F root@ubuntu-bionic
ssh-rsa AAAAB3NzaC1yc2EAAAADAQABAAABAQDPK7LXTacEPHulgwtbIXrdSlBTHtrCKRcKxpXmxnFA0a1x7MJl5LuapkSPlqtD9tzCJv8NrWhHtKQ0SE3qzOLcXxjY5MEbQUnEr4692sirY/9Lhse6/elSGB+6ywSSj+l+LOeO084FtazCsIyP0t8ZFmYRwOhq7i+ngIdG0J2yyVRNYlrgcFeS3ZwFDfjYFHF0Qdx1u2lESrKg4MKFgGzc1cJcNuLh64b0yQonqwiPyRTUgFe8Iwhe4SqSOhNNvS4OE0Z4bQOtEUs4B1uzPAD5uho/t4u2+D9mtXWeKVEfc1pyzVDQ0V05ietSt/WkItKwkkxm2fTV0rutzzh/rP5z root@ubuntu-bionic
-----END SSH HOST KEY KEYS-----
[   18.414860] cloud-init[1232]: Cloud-init v. 18.5-45-g3554ffe8-0ubuntu1~18.04.1 running 'modules:final' at Mon, 27 May 2019 02:49:02 +0000. Up 18.14 seconds.
[   18.417195] cloud-init[1232]: ci-info: no authorized ssh keys fingerprints found for user ubuntu.
[   18.418785] cloud-init[1232]: Cloud-init v. 18.5-45-g3554ffe8-0ubuntu1~18.04.1 finished at Mon, 27 May 2019 02:49:03 +0000. Datasource DataSourceNoCloud [seed=/dev/sdb][dsmode=net].  Up 18.40 seconds

Ubuntu 18.04.2 LTS ubuntu-bionic ttyS0

ubuntu-bionic login: 